# JRE version: Java(TM) SE Runtime Environment (8.0_121-b13) (build 1.8.0_121-b13)
# Java VM: Java HotSpot(TM) 64-Bit Server VM (25.121-b13 mixed mode windows-amd64 compressed oops)
Heap:
 PSYoungGen      total 1268736K, used 772494K [0x000000076af80000, 0x00000007c0000000, 0x00000007c0000000)
  eden space 1181184K, 60% used [0x000000076af80000,0x00000007963bc090,0x00000007b3100000)
  from space 87552K, 72% used [0x00000007b8b00000,0x00000007bc9278f8,0x00000007be080000)
  to   space 92160K, 0% used [0x00000007b3100000,0x00000007b3100000,0x00000007b8b00000)
 ParOldGen       total 341504K, used 205223K [0x00000006c0e00000, 0x00000006d5b80000, 0x000000076af80000)
  object space 341504K, 60% used [0x00000006c0e00000,0x00000006cd669c10,0x00000006d5b80000)
 Metaspace       used 43241K, capacity 43635K, committed 44200K, reserved 1087488K
  class space    used 5823K, capacity 5958K, committed 6056K, reserved 1048576K
GC Heap History (10 events):
Event: 18.660 GC heap before
{Heap before GC invocations=13 (full 2):
 PSYoungGen      total 684032K, used 683821K [0x000000076af80000, 0x00000007ab700000, 0x00000007c0000000)
  eden space 645632K, 100% used [0x000000076af80000,0x0000000792600000,0x0000000792600000)
  from space 38400K, 99% used [0x00000007a9180000,0x00000007ab6cb418,0x00000007ab700000)
  to   space 49664K, 0% used [0x00000007a5600000,0x00000007a5600000,0x00000007a8680000)
 ParOldGen       total 198144K, used 86608K [0x00000006c0e00000, 0x00000006ccf80000, 0x000000076af80000)
  object space 198144K, 43% used [0x00000006c0e00000,0x00000006c6294120,0x00000006ccf80000)
 Metaspace       used 31601K, capacity 31855K, committed 32128K, reserved 1077248K
  class space    used 4064K, capacity 4136K, committed 4224K, reserved 1048576K
Event: 18.730 GC heap after
Heap after GC invocations=13 (full 2):
 PSYoungGen      total 894464K, used 49657K [0x000000076af80000, 0x00000007a9200000, 0x00000007c0000000)
  eden space 844800K, 0% used [0x000000076af80000,0x000000076af80000,0x000000079e880000)
  from space 49664K, 99% used [0x00000007a5600000,0x00000007a867e6d8,0x00000007a8680000)
  to   space 11776K, 0% used [0x00000007a8680000,0x00000007a8680000,0x00000007a9200000)
 ParOldGen       total 198144K, used 134597K [0x00000006c0e00000, 0x00000006ccf80000, 0x000000076af80000)
  object space 198144K, 67% used [0x00000006c0e00000,0x00000006c9171578,0x00000006ccf80000)
 Metaspace       used 31601K, capacity 31855K, committed 32128K, reserved 1077248K
  class space    used 4064K, capacity 4136K, committed 4224K, reserved 1048576K
}
Event: 20.296 GC heap before
{Heap before GC invocations=14 (full 2):
 PSYoungGen      total 894464K, used 494979K [0x000000076af80000, 0x00000007a9200000, 0x00000007c0000000)
  eden space 844800K, 52% used [0x000000076af80000,0x00000007862628f8,0x000000079e880000)
  from space 49664K, 99% used [0x00000007a5600000,0x00000007a867e6d8,0x00000007a8680000)
  to   space 11776K, 0% used [0x00000007a8680000,0x00000007a8680000,0x00000007a9200000)
 ParOldGen       total 198144K, used 134597K [0x00000006c0e00000, 0x00000006ccf80000, 0x000000076af80000)
  object space 198144K, 67% used [0x00000006c0e00000,0x00000006c9171578,0x00000006ccf80000)
 Metaspace       used 35020K, capacity 35221K, committed 35496K, reserved 1079296K
  class space    used 4679K, capacity 4768K, committed 4776K, reserved 1048576K
Event: 20.346 GC heap after
Heap after GC invocations=14 (full 2):
 PSYoungGen      total 932864K, used 11750K [0x000000076af80000, 0x00000007b8d80000, 0x00000007c0000000)
  eden space 921088K, 0% used [0x000000076af80000,0x000000076af80000,0x00000007a3300000)
  from space 11776K, 99% used [0x00000007a8680000,0x00000007a91f9848,0x00000007a9200000)
  to   space 85504K, 0% used [0x00000007a3300000,0x00000007a3300000,0x00000007a8680000)
 ParOldGen       total 198144K, used 197697K [0x00000006c0e00000, 0x00000006ccf80000, 0x000000076af80000)
  object space 198144K, 99% used [0x00000006c0e00000,0x00000006ccf10658,0x00000006ccf80000)
 Metaspace       used 35020K, capacity 35221K, committed 35496K, reserved 1079296K
  class space    used 4679K, capacity 4768K, committed 4776K, reserved 1048576K
}
Event: 20.346 GC heap before
{Heap before GC invocations=15 (full 3):
 PSYoungGen      total 932864K, used 11750K [0x000000076af80000, 0x00000007b8d80000, 0x00000007c0000000)
  eden space 921088K, 0% used [0x000000076af80000,0x000000076af80000,0x00000007a3300000)
  from space 11776K, 99% used [0x00000007a8680000,0x00000007a91f9848,0x00000007a9200000)
  to   space 85504K, 0% used [0x00000007a3300000,0x00000007a3300000,0x00000007a8680000)
 ParOldGen       total 198144K, used 197697K [0x00000006c0e00000, 0x00000006ccf80000, 0x000000076af80000)
  object space 198144K, 99% used [0x00000006c0e00000,0x00000006ccf10658,0x00000006ccf80000)
 Metaspace       used 35020K, capacity 35221K, committed 35496K, reserved 1079296K
  class space    used 4679K, capacity 4768K, committed 4776K, reserved 1048576K
Event: 20.667 GC heap after
Heap after GC invocations=15 (full 3):
 PSYoungGen      total 932864K, used 0K [0x000000076af80000, 0x00000007b8d80000, 0x00000007c0000000)
  eden space 921088K, 0% used [0x000000076af80000,0x000000076af80000,0x00000007a3300000)
  from space 11776K, 0% used [0x00000007a8680000,0x00000007a8680000,0x00000007a9200000)
  to   space 85504K, 0% used [0x00000007a3300000,0x00000007a3300000,0x00000007a8680000)
 ParOldGen       total 341504K, used 153829K [0x00000006c0e00000, 0x00000006d5b80000, 0x000000076af80000)
  object space 341504K, 45% used [0x00000006c0e00000,0x00000006ca439630,0x00000006d5b80000)
 Metaspace       used 35020K, capacity 35221K, committed 35496K, reserved 1079296K
  class space    used 4679K, capacity 4768K, committed 4776K, reserved 1048576K
}
Event: 24.449 GC heap before
{Heap before GC invocations=16 (full 3):
 PSYoungGen      total 932864K, used 921088K [0x000000076af80000, 0x00000007b8d80000, 0x00000007c0000000)
  eden space 921088K, 100% used [0x000000076af80000,0x00000007a3300000,0x00000007a3300000)
  from space 11776K, 0% used [0x00000007a8680000,0x00000007a8680000,0x00000007a9200000)
  to   space 85504K, 0% used [0x00000007a3300000,0x00000007a3300000,0x00000007a8680000)
 ParOldGen       total 341504K, used 153829K [0x00000006c0e00000, 0x00000006d5b80000, 0x000000076af80000)
  object space 341504K, 45% used [0x00000006c0e00000,0x00000006ca439630,0x00000006d5b80000)
 Metaspace       used 38450K, capacity 38777K, committed 39208K, reserved 1083392K
  class space    used 5184K, capacity 5301K, committed 5416K, reserved 1048576K
Event: 24.528 GC heap after
Heap after GC invocations=16 (full 3):
 PSYoungGen      total 1006592K, used 56825K [0x000000076af80000, 0x00000007be080000, 0x00000007c0000000)
  eden space 921088K, 0% used [0x000000076af80000,0x000000076af80000,0x00000007a3300000)
  from space 85504K, 66% used [0x00000007a3300000,0x00000007a6a7e6a0,0x00000007a8680000)
  to   space 87552K, 0% used [0x00000007b8b00000,0x00000007b8b00000,0x00000007be080000)
 ParOldGen       total 341504K, used 153837K [0x00000006c0e00000, 0x00000006d5b80000, 0x000000076af80000)
  object space 341504K, 45% used [0x00000006c0e00000,0x00000006ca43b630,0x00000006d5b80000)
 Metaspace       used 38450K, capacity 38777K, committed 39208K, reserved 1083392K
  class space    used 5184K, capacity 5301K, committed 5416K, reserved 1048576K
}
Event: 27.778 GC heap before
{Heap before GC invocations=17 (full 3):
 PSYoungGen      total 1006592K, used 977913K [0x000000076af80000, 0x00000007be080000, 0x00000007c0000000)
  eden space 921088K, 100% used [0x000000076af80000,0x00000007a3300000,0x00000007a3300000)
  from space 85504K, 66% used [0x00000007a3300000,0x00000007a6a7e6a0,0x00000007a8680000)
  to   space 87552K, 0% used [0x00000007b8b00000,0x00000007b8b00000,0x00000007be080000)
 ParOldGen       total 341504K, used 153837K [0x00000006c0e00000, 0x00000006d5b80000, 0x000000076af80000)
  object space 341504K, 45% used [0x00000006c0e00000,0x00000006ca43b630,0x00000006d5b80000)
 Metaspace       used 40339K, capacity 40703K, committed 41256K, reserved 1085440K
  class space    used 5441K, capacity 5558K, committed 5672K, reserved 1048576K
Event: 28.029 GC heap after
Heap after GC invocations=17 (full 3):
 PSYoungGen      total 1268736K, used 63646K [0x000000076af80000, 0x00000007c0000000, 0x00000007c0000000)
  eden space 1181184K, 0% used [0x000000076af80000,0x000000076af80000,0x00000007b3100000)
  from space 87552K, 72% used [0x00000007b8b00000,0x00000007bc9278f8,0x00000007be080000)
  to   space 92160K, 0% used [0x00000007b3100000,0x00000007b3100000,0x00000007b8b00000)
 ParOldGen       total 341504K, used 205223K [0x00000006c0e00000, 0x00000006d5b80000, 0x000000076af80000)
  object space 341504K, 60% used [0x00000006c0e00000,0x00000006cd669c10,0x00000006d5b80000)
 Metaspace       used 40339K, capacity 40703K, committed 41256K, reserved 1085440K
  class space    used 5441K, capacity 5558K, committed 5672K, reserved 1048576K
}

